<?xml version="1.0" encoding="UTF-8"?>
<testng-results ignored="0" total="1" passed="1" failed="0" skipped="0">
  <reporter-output>
  </reporter-output>
  <suite started-at="2024-02-19T02:02:57 IST" name="Suite" finished-at="2024-02-19T02:03:20 IST" duration-ms="23294">
    <groups>
    </groups>
    <test started-at="2024-02-19T02:02:57 IST" name="chrometest" finished-at="2024-02-19T02:03:20 IST" duration-ms="23294">
      <class name="TestCase.TC_001Account">
        <test-method is-config="true" signature="setup(java.lang.String,java.lang.String)[pri:0, instance:TestCase.TC_001Account@76a4ebf2]" started-at="2024-02-19T02:02:57 IST" name="setup" finished-at="2024-02-19T02:03:07 IST" duration-ms="9377" status="PASS">
          <params>
            <param index="0">
              <value>
                <![CDATA[chrome]]>
              </value>
            </param>
            <param index="1">
              <value>
                <![CDATA[Windows]]>
              </value>
            </param>
          </params>
          <reporter-output>
          </reporter-output>
        </test-method> <!-- setup -->
        <test-method signature="verify_account_registration()[pri:0, instance:TestCase.TC_001Account@76a4ebf2]" started-at="2024-02-19T02:03:07 IST" name="verify_account_registration" finished-at="2024-02-19T02:03:19 IST" duration-ms="12420" status="PASS">
          <reporter-output>
          </reporter-output>
        </test-method> <!-- verify_account_registration -->
        <test-method is-config="true" signature="kickoff()[pri:0, instance:TestCase.TC_001Account@76a4ebf2]" started-at="2024-02-19T02:03:19 IST" name="kickoff" finished-at="2024-02-19T02:03:20 IST" duration-ms="1374" status="PASS">
          <reporter-output>
          </reporter-output>
        </test-method> <!-- kickoff -->
      </class> <!-- TestCase.TC_001Account -->
    </test> <!-- chrometest -->
  </suite> <!-- Suite -->
</testng-results>
